{"name": "test_banking_negative", "status": "broken", "statusDetails": {"message": "selenium.common.exceptions.UnexpectedAlertPresentException: Alert Text: User or Password is not valid\nMessage: unexpected alert open: {Alert text : User or Password is not valid}\n  (Session info: chrome=130.0.6723.92)\nStacktrace:\n\tGetHandleVerifier [0x00007FF651B73AF5+28005]\n\t(No symbol) [0x00007FF651AD83F0]\n\t(No symbol) [0x00007FF65197580A]\n\t(No symbol) [0x00007FF651A0C4A2]\n\t(No symbol) [0x00007FF6519EB7E3]\n\t(No symbol) [0x00007FF6519B75C8]\n\t(No symbol) [0x00007FF6519B8731]\n\tGetHandleVerifier [0x00007FF651E6646D+3118813]\n\tGetHandleVerifier [0x00007FF651EB6CC0+3448624]\n\tGetHandleVerifier [0x00007FF651EACF3D+3408301]\n\tGetHandleVerifier [0x00007FF651C3A44B+841403]\n\t(No symbol) [0x00007FF651AE344F]\n\t(No symbol) [0x00007FF651ADF4C4]\n\t(No symbol) [0x00007FF651ADF65D]\n\t(No symbol) [0x00007FF651ACEBB9]\n\tBaseThreadInitThunk [0x00007FFC817C7374+20]\n\tRtlUserThreadStart [0x00007FFC8281CC91+33]", "trace": "self = <tests.tests_Case.Banking_Project.pom.test_banking_pom.TestLogin object at 0x00000124F9419220>\nsetup = <selenium.webdriver.chrome.webdriver.WebDriver (session=\"3346e562415fc49134d67b4f1cc886d1\")>\n\n    @allure.epic(\"Banking Login Test\")\n    @allure.feature(\"TC#0 - Banking Negative Test\")\n    @pytest.mark.usefixtures(\"setup\")\n    def test_banking_negative(self, setup):\n        driver = setup\n        LoginPage = loginPage(driver)\n        LoginPage.login_to_banking(user=\"admin\", pwd=\"123456\")\n        time.sleep(5)\n    \n        # Assertion for Negative Test Case\n>       result = driver.current_url\n\ntests\\tests_Case\\Banking_Project\\pom\\test_banking_pom.py:21: \n_ _ _ _ _ _ _ _ _ _ _ _ _ _ _ _ _ _ _ _ _ _ _ _ _ _ _ _ _ _ _ _ _ _ _ _ _ _ _ _ _ _ _ _ _ _ _ _ _ _ _ _ _ _ _ _ _ _ _ _ _ _ _ _ _ _ _ _ _ _ _ _ _ _ _ _\nvenv\\Lib\\site-packages\\selenium\\webdriver\\remote\\webdriver.py:444: in current_url\n    return self.execute(Command.GET_CURRENT_URL)[\"value\"]\nvenv\\Lib\\site-packages\\selenium\\webdriver\\remote\\webdriver.py:354: in execute\n    self.error_handler.check_response(response)\n_ _ _ _ _ _ _ _ _ _ _ _ _ _ _ _ _ _ _ _ _ _ _ _ _ _ _ _ _ _ _ _ _ _ _ _ _ _ _ _ _ _ _ _ _ _ _ _ _ _ _ _ _ _ _ _ _ _ _ _ _ _ _ _ _ _ _ _ _ _ _ _ _ _ _ _\n\nself = <selenium.webdriver.remote.errorhandler.ErrorHandler object at 0x00000124FC32AC60>\nresponse = {'status': 500, 'value': '{\"value\":{\"data\":{\"text\":\"User or Password is not valid\"},\"error\":\"unexpected alert open\",\"m...07FF651ACEBB9]\\\\n\\\\tBaseThreadInitThunk [0x00007FFC817C7374+20]\\\\n\\\\tRtlUserThreadStart [0x00007FFC8281CC91+33]\\\\n\"}}'}\n\n    def check_response(self, response: Dict[str, Any]) -> None:\n        \"\"\"Checks that a JSON response from the WebDriver does not have an\n        error.\n    \n        :Args:\n         - response - The JSON response from the WebDriver server as a dictionary\n           object.\n    \n        :Raises: If the response contains an error message.\n        \"\"\"\n        status = response.get(\"status\", None)\n        if not status or status == ErrorCode.SUCCESS:\n            return\n        value = None\n        message = response.get(\"message\", \"\")\n        screen: str = response.get(\"screen\", \"\")\n        stacktrace = None\n        if isinstance(status, int):\n            value_json = response.get(\"value\", None)\n            if value_json and isinstance(value_json, str):\n                import json\n    \n                try:\n                    value = json.loads(value_json)\n                    if len(value) == 1:\n                        value = value[\"value\"]\n                    status = value.get(\"error\", None)\n                    if not status:\n                        status = value.get(\"status\", ErrorCode.UNKNOWN_ERROR)\n                        message = value.get(\"value\") or value.get(\"message\")\n                        if not isinstance(message, str):\n                            value = message\n                            message = message.get(\"message\")\n                    else:\n                        message = value.get(\"message\", None)\n                except ValueError:\n                    pass\n    \n        exception_class: Type[WebDriverException]\n        e = ErrorCode()\n        error_codes = [item for item in dir(e) if not item.startswith(\"__\")]\n        for error_code in error_codes:\n            error_info = getattr(ErrorCode, error_code)\n            if isinstance(error_info, list) and status in error_info:\n                exception_class = getattr(ExceptionMapping, error_code, WebDriverException)\n                break\n        else:\n            exception_class = WebDriverException\n    \n        if not value:\n            value = response[\"value\"]\n        if isinstance(value, str):\n            raise exception_class(value)\n        if message == \"\" and \"message\" in value:\n            message = value[\"message\"]\n    \n        screen = None  # type: ignore[assignment]\n        if \"screen\" in value:\n            screen = value[\"screen\"]\n    \n        stacktrace = None\n        st_value = value.get(\"stackTrace\") or value.get(\"stacktrace\")\n        if st_value:\n            if isinstance(st_value, str):\n                stacktrace = st_value.split(\"\\n\")\n            else:\n                stacktrace = []\n                try:\n                    for frame in st_value:\n                        line = frame.get(\"lineNumber\", \"\")\n                        file = frame.get(\"fileName\", \"<anonymous>\")\n                        if line:\n                            file = f\"{file}:{line}\"\n                        meth = frame.get(\"methodName\", \"<anonymous>\")\n                        if \"className\" in frame:\n                            meth = f\"{frame['className']}.{meth}\"\n                        msg = \"    at %s (%s)\"\n                        msg = msg % (meth, file)\n                        stacktrace.append(msg)\n                except TypeError:\n                    pass\n        if exception_class == UnexpectedAlertPresentException:\n            alert_text = None\n            if \"data\" in value:\n                alert_text = value[\"data\"].get(\"text\")\n            elif \"alert\" in value:\n                alert_text = value[\"alert\"].get(\"text\")\n>           raise exception_class(message, screen, stacktrace, alert_text)  # type: ignore[call-arg]  # mypy is not smart enough here\nE           selenium.common.exceptions.UnexpectedAlertPresentException: Alert Text: User or Password is not valid\nE           Message: unexpected alert open: {Alert text : User or Password is not valid}\nE             (Session info: chrome=130.0.6723.92)\nE           Stacktrace:\nE           \tGetHandleVerifier [0x00007FF651B73AF5+28005]\nE           \t(No symbol) [0x00007FF651AD83F0]\nE           \t(No symbol) [0x00007FF65197580A]\nE           \t(No symbol) [0x00007FF651A0C4A2]\nE           \t(No symbol) [0x00007FF6519EB7E3]\nE           \t(No symbol) [0x00007FF6519B75C8]\nE           \t(No symbol) [0x00007FF6519B8731]\nE           \tGetHandleVerifier [0x00007FF651E6646D+3118813]\nE           \tGetHandleVerifier [0x00007FF651EB6CC0+3448624]\nE           \tGetHandleVerifier [0x00007FF651EACF3D+3408301]\nE           \tGetHandleVerifier [0x00007FF651C3A44B+841403]\nE           \t(No symbol) [0x00007FF651AE344F]\nE           \t(No symbol) [0x00007FF651ADF4C4]\nE           \t(No symbol) [0x00007FF651ADF65D]\nE           \t(No symbol) [0x00007FF651ACEBB9]\nE           \tBaseThreadInitThunk [0x00007FFC817C7374+20]\nE           \tRtlUserThreadStart [0x00007FFC8281CC91+33]\n\nvenv\\Lib\\site-packages\\selenium\\webdriver\\remote\\errorhandler.py:228: UnexpectedAlertPresentException"}, "start": 1730454058442, "stop": 1730454064371, "uuid": "06ef4f27-3a26-4433-894a-9053f1de3a43", "historyId": "48b7cbb5405e79f59340be98f408927f", "testCaseId": "48b7cbb5405e79f59340be98f408927f", "fullName": "tests.tests_Case.Banking_Project.pom.test_banking_pom.TestLogin#test_banking_negative", "labels": [{"name": "epic", "value": "Banking Login Test"}, {"name": "feature", "value": "TC#0 - Banking Negative Test"}, {"name": "tag", "value": "@pytest.mark.usefixtures('setup')"}, {"name": "parentSuite", "value": "tests.tests_Case.Banking_Project.pom"}, {"name": "suite", "value": "test_banking_pom"}, {"name": "subSuite", "value": "TestLogin"}, {"name": "host", "value": "DESKTOP-NPC46QP"}, {"name": "thread", "value": "23620-MainThread"}, {"name": "framework", "value": "pytest"}, {"name": "language", "value": "cpython3"}, {"name": "package", "value": "tests.tests_Case.Banking_Project.pom.test_banking_pom"}]}