{"name": "test_banking_positive", "status": "failed", "statusDetails": {"message": "AssertionError: Expected URL to be https://demo.guru99.com/V1/html/Managerhomepage.php, but got https://demo.guru99.com/V4/manager/Managerhomepage.php\nassert 'https://demo...rhomepage.php' == 'https://demo...rhomepage.php'\n  \n  - https://demo.guru99.com/V1/html/Managerhomepage.php\n  ?                          ^ -- ^\n  + https://demo.guru99.com/V4/manager/Managerhomepage.php\n  ?                          ^  ^^^^^^", "trace": "self = <tests.tests_Case.Banking_Project.pom.test_banking_pom.TestLogin object at 0x00000124FC2C5A90>\nsetup = <selenium.webdriver.chrome.webdriver.WebDriver (session=\"3346e562415fc49134d67b4f1cc886d1\")>\n\n    @allure.epic(\"Banking Login Test\")\n    @allure.feature(\"TC#1 - Banking Positive Test\")\n    @pytest.mark.usefixtures(\"setup\")\n    def test_banking_positive(self,setup):\n        driver = setup\n        LoginPage = loginPage(driver)\n        LoginPage.login_to_banking(user=self.username, pwd=self.password)\n    \n        # Verify if the current URL matches the expected success URL\n        result = driver.current_url\n        expected_url = \"https://demo.guru99.com/V1/html/Managerhomepage.php\"\n    \n        # Assertion for Positive Test Case\n>       assert result == expected_url, f\"Expected URL to be {expected_url}, but got {result}\"\nE       AssertionError: Expected URL to be https://demo.guru99.com/V1/html/Managerhomepage.php, but got https://demo.guru99.com/V4/manager/Managerhomepage.php\nE       assert 'https://demo...rhomepage.php' == 'https://demo...rhomepage.php'\nE         \nE         - https://demo.guru99.com/V1/html/Managerhomepage.php\nE         ?                          ^ -- ^\nE         + https://demo.guru99.com/V4/manager/Managerhomepage.php\nE         ?                          ^  ^^^^^^\n\ntests\\tests_Case\\Banking_Project\\pom\\test_banking_pom.py:43: AssertionError"}, "start": 1730454064804, "stop": 1730454067707, "uuid": "04209021-15d8-4607-81cf-e5ff030e24ca", "historyId": "5213c626c8c7512cc62d4253d3932443", "testCaseId": "5213c626c8c7512cc62d4253d3932443", "fullName": "tests.tests_Case.Banking_Project.pom.test_banking_pom.TestLogin#test_banking_positive", "labels": [{"name": "feature", "value": "TC#1 - Banking Positive Test"}, {"name": "epic", "value": "Banking Login Test"}, {"name": "tag", "value": "@pytest.mark.usefixtures('setup')"}, {"name": "parentSuite", "value": "tests.tests_Case.Banking_Project.pom"}, {"name": "suite", "value": "test_banking_pom"}, {"name": "subSuite", "value": "TestLogin"}, {"name": "host", "value": "DESKTOP-NPC46QP"}, {"name": "thread", "value": "23620-MainThread"}, {"name": "framework", "value": "pytest"}, {"name": "language", "value": "cpython3"}, {"name": "package", "value": "tests.tests_Case.Banking_Project.pom.test_banking_pom"}]}