{"name": "test_banking", "status": "failed", "statusDetails": {"message": "AssertionError: assert 'dashBoardPage' in 'Guru99 Bank Manager HomePage'\n +  where 'Guru99 Bank Manager HomePage' = <selenium.webdriver.chrome.webdriver.WebDriver (session=\"555607bde91b265f08f1118b7e2e2d3b\")>.title", "trace": "setup = <selenium.webdriver.chrome.webdriver.WebDriver (session=\"555607bde91b265f08f1118b7e2e2d3b\")>\n\n    @allure.epic(\"Banking Login Test\")\n    @allure.feature(\"TC#1 - Banking Positive Test\")\n    def test_banking(setup):\n        driver=setup\n        LoginPage=loginPage(driver)\n        LoginPage.login_to_banking(user=\"mngr595791\",pwd=\"YsUpamy\")\n        time.sleep(5)\n>       assert \"dashBoardPage\" in driver.title\nE       assert 'dashBoardPage' in 'Guru99 Bank Manager HomePage'\nE        +  where 'Guru99 Bank Manager HomePage' = <selenium.webdriver.chrome.webdriver.WebDriver (session=\"555607bde91b265f08f1118b7e2e2d3b\")>.title\n\ntest_bankinglogin.py:29: AssertionError"}, "start": 1729434861736, "stop": 1729434868198, "uuid": "31f2ce2e-c9ed-4eb1-9321-cc7e6b4b92af", "historyId": "c9b72d9c0d63b48d95d12e7617cc8872", "testCaseId": "c9b72d9c0d63b48d95d12e7617cc8872", "fullName": "tests.tests_Case.Banking_Project.test_bankinglogin#test_banking", "labels": [{"name": "feature", "value": "TC#1 - Banking Positive Test"}, {"name": "epic", "value": "Banking Login Test"}, {"name": "parentSuite", "value": "tests.tests_Case.Banking_Project"}, {"name": "suite", "value": "test_bankinglogin"}, {"name": "host", "value": "DESKTOP-NPC46QP"}, {"name": "thread", "value": "53484-MainThread"}, {"name": "framework", "value": "pytest"}, {"name": "language", "value": "cpython3"}, {"name": "package", "value": "tests.tests_Case.Banking_Project.test_bankinglogin"}]}