{"name": "test_banking_positive", "status": "failed", "statusDetails": {"message": "AssertionError: assert 'DashBoard' in 'Guru99 Bank Manager HomePage'\n +  where 'Guru99 Bank Manager HomePage' = <selenium.webdriver.chrome.webdriver.WebDriver (session=\"26e7240af41150690a8a53739998fbdf\")>.title", "trace": "self = <tests.tests_Case.Banking_Project.pom.test_banking_pom.TestLogin object at 0x00000113892D4230>\nsetup = <selenium.webdriver.chrome.webdriver.WebDriver (session=\"26e7240af41150690a8a53739998fbdf\")>\n\n    @allure.epic(\"Banking Login Test\")\n    @allure.feature(\"TC#1 - Banking Positive Test\")\n    @pytest.mark.usefixtures(\"setup\")\n    def test_banking_positive(self,setup):\n        driver = setup\n        LoginPage = loginPage(driver)\n        LoginPage.login_to_banking(user=self.username, pwd=self.password)\n    \n        # Verify\n>       assert \"DashBoard\" in driver.title\nE       assert 'DashBoard' in 'Guru99 Bank Manager HomePage'\nE        +  where 'Guru99 Bank Manager HomePage' = <selenium.webdriver.chrome.webdriver.WebDriver (session=\"26e7240af41150690a8a53739998fbdf\")>.title\n\ntest_banking_pom.py:33: AssertionError"}, "attachments": [{"name": "log", "source": "85bc07cd-690c-4017-90d7-4a28457f59a7-attachment.txt", "type": "text/plain"}], "start": 1730455595949, "stop": 1730455603781, "uuid": "6f52d8da-68bd-4dda-a99e-8df0b462675d", "historyId": "5213c626c8c7512cc62d4253d3932443", "testCaseId": "5213c626c8c7512cc62d4253d3932443", "fullName": "tests.tests_Case.Banking_Project.pom.test_banking_pom.TestLogin#test_banking_positive", "labels": [{"name": "epic", "value": "Banking Login Test"}, {"name": "feature", "value": "TC#1 - Banking Positive Test"}, {"name": "tag", "value": "@pytest.mark.usefixtures('setup')"}, {"name": "parentSuite", "value": "tests.tests_Case.Banking_Project.pom"}, {"name": "suite", "value": "test_banking_pom"}, {"name": "subSuite", "value": "TestLogin"}, {"name": "host", "value": "DESKTOP-NPC46QP"}, {"name": "thread", "value": "30696-MainThread"}, {"name": "framework", "value": "pytest"}, {"name": "language", "value": "cpython3"}, {"name": "package", "value": "tests.tests_Case.Banking_Project.pom.test_banking_pom"}]}