{"name": "test_banking_positive", "status": "broken", "statusDetails": {"message": "selenium.common.exceptions.InvalidSelectorException: Message: invalid selector\nfrom javascript error: {\"status\":32,\"value\":\"Unable to locate an element with the xpath expression  a[normalize - space() = 'New Customer'] because of the following error:\\nSyntaxError: Failed to execute 'evaluate' on 'Document': The string ' a[normalize - space() = 'New Customer']' is not a valid XPath expression.\"}\n  (Session info: chrome=130.0.6723.92); For documentation on this error, please visit: https://www.selenium.dev/documentation/webdriver/troubleshooting/errors#invalid-selector-exception\nStacktrace:\n\tGetHandleVerifier [0x00007FF790E13AF5+28005]\n\t(No symbol) [0x00007FF790D783F0]\n\t(No symbol) [0x00007FF790C1580A]\n\t(No symbol) [0x00007FF790C1C2CC]\n\t(No symbol) [0x00007FF790C1E5E7]\n\t(No symbol) [0x00007FF790C1E6A0]\n\t(No symbol) [0x00007FF790C654EA]\n\t(No symbol) [0x00007FF790C65D2C]\n\t(No symbol) [0x00007FF790CAEA97]\n\t(No symbol) [0x00007FF790C8BA7F]\n\t(No symbol) [0x00007FF790CAB8B3]\n\t(No symbol) [0x00007FF790C8B7E3]\n\t(No symbol) [0x00007FF790C575C8]\n\t(No symbol) [0x00007FF790C58731]\n\tGetHandleVerifier [0x00007FF79110646D+3118813]\n\tGetHandleVerifier [0x00007FF791156CC0+3448624]\n\tGetHandleVerifier [0x00007FF79114CF3D+3408301]\n\tGetHandleVerifier [0x00007FF790EDA44B+841403]\n\t(No symbol) [0x00007FF790D8344F]\n\t(No symbol) [0x00007FF790D7F4C4]\n\t(No symbol) [0x00007FF790D7F65D]\n\t(No symbol) [0x00007FF790D6EBB9]\n\tBaseThreadInitThunk [0x00007FFC817C7374+20]\n\tRtlUserThreadStart [0x00007FFC8281CC91+33]", "trace": "self = <tests.tests_Case.Banking_Project.pom.test_banking_pom.TestLogin object at 0x000001929EAD7A70>\nsetup = <selenium.webdriver.chrome.webdriver.WebDriver (session=\"a13ff38f8e2866e2671eb37d9fd94eca\")>\n\n    @allure.epic(\"Banking Login Test\")\n    @allure.feature(\"TC#1 - Banking Positive Test\")\n    @pytest.mark.usefixtures(\"setup\")\n    def test_banking_positive(self,setup):\n        driver = setup\n        LoginPage = loginPage(driver)\n        LoginPage.login_to_banking(user=self.username, pwd=self.password)\n        time.sleep(2)\n        # Verify\n        #assert \"Welcome To Manager's Page of GTPL Bank\"\n        DashBoard=DashBoardPage(driver)\n        homepage=DashBoard.get_homepage_text()\n        assert homepage == \"Welcome To Manager's Page of Guru99 Bank\"\n        print(\"Login successful, user is on the Manager's Dashboard.\")\n        time.sleep(2)\n    \n        DashBoard_new_customer= DashBoardPage(driver)\n>       DashBoard_new_customer.new_customer_click()\n\ntest_banking_pom.py:39: \n_ _ _ _ _ _ _ _ _ _ _ _ _ _ _ _ _ _ _ _ _ _ _ _ _ _ _ _ _ _ _ _ _ _ _ _ _ _ _ _\n..\\..\\..\\pageObjects\\dashboardPage.py:29: in new_customer_click\n    self.new_Customer().click()\n..\\..\\..\\pageObjects\\dashboardPage.py:21: in new_Customer\n    return self.driver.find_element(*DashBoardPage.new_customer)\n..\\..\\..\\..\\venv\\Lib\\site-packages\\selenium\\webdriver\\remote\\webdriver.py:748: in find_element\n    return self.execute(Command.FIND_ELEMENT, {\"using\": by, \"value\": value})[\"value\"]\n..\\..\\..\\..\\venv\\Lib\\site-packages\\selenium\\webdriver\\remote\\webdriver.py:354: in execute\n    self.error_handler.check_response(response)\n_ _ _ _ _ _ _ _ _ _ _ _ _ _ _ _ _ _ _ _ _ _ _ _ _ _ _ _ _ _ _ _ _ _ _ _ _ _ _ _\n\nself = <selenium.webdriver.remote.errorhandler.ErrorHandler object at 0x000001929BD23080>\nresponse = {'status': 400, 'value': '{\"value\":{\"error\":\"invalid selector\",\"message\":\"invalid selector\\\\nfrom javascript error: {\\...07FF790D6EBB9]\\\\n\\\\tBaseThreadInitThunk [0x00007FFC817C7374+20]\\\\n\\\\tRtlUserThreadStart [0x00007FFC8281CC91+33]\\\\n\"}}'}\n\n    def check_response(self, response: Dict[str, Any]) -> None:\n        \"\"\"Checks that a JSON response from the WebDriver does not have an\n        error.\n    \n        :Args:\n         - response - The JSON response from the WebDriver server as a dictionary\n           object.\n    \n        :Raises: If the response contains an error message.\n        \"\"\"\n        status = response.get(\"status\", None)\n        if not status or status == ErrorCode.SUCCESS:\n            return\n        value = None\n        message = response.get(\"message\", \"\")\n        screen: str = response.get(\"screen\", \"\")\n        stacktrace = None\n        if isinstance(status, int):\n            value_json = response.get(\"value\", None)\n            if value_json and isinstance(value_json, str):\n                import json\n    \n                try:\n                    value = json.loads(value_json)\n                    if len(value) == 1:\n                        value = value[\"value\"]\n                    status = value.get(\"error\", None)\n                    if not status:\n                        status = value.get(\"status\", ErrorCode.UNKNOWN_ERROR)\n                        message = value.get(\"value\") or value.get(\"message\")\n                        if not isinstance(message, str):\n                            value = message\n                            message = message.get(\"message\")\n                    else:\n                        message = value.get(\"message\", None)\n                except ValueError:\n                    pass\n    \n        exception_class: Type[WebDriverException]\n        e = ErrorCode()\n        error_codes = [item for item in dir(e) if not item.startswith(\"__\")]\n        for error_code in error_codes:\n            error_info = getattr(ErrorCode, error_code)\n            if isinstance(error_info, list) and status in error_info:\n                exception_class = getattr(ExceptionMapping, error_code, WebDriverException)\n                break\n        else:\n            exception_class = WebDriverException\n    \n        if not value:\n            value = response[\"value\"]\n        if isinstance(value, str):\n            raise exception_class(value)\n        if message == \"\" and \"message\" in value:\n            message = value[\"message\"]\n    \n        screen = None  # type: ignore[assignment]\n        if \"screen\" in value:\n            screen = value[\"screen\"]\n    \n        stacktrace = None\n        st_value = value.get(\"stackTrace\") or value.get(\"stacktrace\")\n        if st_value:\n            if isinstance(st_value, str):\n                stacktrace = st_value.split(\"\\n\")\n            else:\n                stacktrace = []\n                try:\n                    for frame in st_value:\n                        line = frame.get(\"lineNumber\", \"\")\n                        file = frame.get(\"fileName\", \"<anonymous>\")\n                        if line:\n                            file = f\"{file}:{line}\"\n                        meth = frame.get(\"methodName\", \"<anonymous>\")\n                        if \"className\" in frame:\n                            meth = f\"{frame['className']}.{meth}\"\n                        msg = \"    at %s (%s)\"\n                        msg = msg % (meth, file)\n                        stacktrace.append(msg)\n                except TypeError:\n                    pass\n        if exception_class == UnexpectedAlertPresentException:\n            alert_text = None\n            if \"data\" in value:\n                alert_text = value[\"data\"].get(\"text\")\n            elif \"alert\" in value:\n                alert_text = value[\"alert\"].get(\"text\")\n            raise exception_class(message, screen, stacktrace, alert_text)  # type: ignore[call-arg]  # mypy is not smart enough here\n>       raise exception_class(message, screen, stacktrace)\nE       selenium.common.exceptions.InvalidSelectorException: Message: invalid selector\nE       from javascript error: {\"status\":32,\"value\":\"Unable to locate an element with the xpath expression  a[normalize - space() = 'New Customer'] because of the following error:\\nSyntaxError: Failed to execute 'evaluate' on 'Document': The string ' a[normalize - space() = 'New Customer']' is not a valid XPath expression.\"}\nE         (Session info: chrome=130.0.6723.92); For documentation on this error, please visit: https://www.selenium.dev/documentation/webdriver/troubleshooting/errors#invalid-selector-exception\nE       Stacktrace:\nE       \tGetHandleVerifier [0x00007FF790E13AF5+28005]\nE       \t(No symbol) [0x00007FF790D783F0]\nE       \t(No symbol) [0x00007FF790C1580A]\nE       \t(No symbol) [0x00007FF790C1C2CC]\nE       \t(No symbol) [0x00007FF790C1E5E7]\nE       \t(No symbol) [0x00007FF790C1E6A0]\nE       \t(No symbol) [0x00007FF790C654EA]\nE       \t(No symbol) [0x00007FF790C65D2C]\nE       \t(No symbol) [0x00007FF790CAEA97]\nE       \t(No symbol) [0x00007FF790C8BA7F]\nE       \t(No symbol) [0x00007FF790CAB8B3]\nE       \t(No symbol) [0x00007FF790C8B7E3]\nE       \t(No symbol) [0x00007FF790C575C8]\nE       \t(No symbol) [0x00007FF790C58731]\nE       \tGetHandleVerifier [0x00007FF79110646D+3118813]\nE       \tGetHandleVerifier [0x00007FF791156CC0+3448624]\nE       \tGetHandleVerifier [0x00007FF79114CF3D+3408301]\nE       \tGetHandleVerifier [0x00007FF790EDA44B+841403]\nE       \t(No symbol) [0x00007FF790D8344F]\nE       \t(No symbol) [0x00007FF790D7F4C4]\nE       \t(No symbol) [0x00007FF790D7F65D]\nE       \t(No symbol) [0x00007FF790D6EBB9]\nE       \tBaseThreadInitThunk [0x00007FFC817C7374+20]\nE       \tRtlUserThreadStart [0x00007FFC8281CC91+33]\n\n..\\..\\..\\..\\venv\\Lib\\site-packages\\selenium\\webdriver\\remote\\errorhandler.py:229: InvalidSelectorException"}, "attachments": [{"name": "stdout", "source": "76f1cec3-c997-4e34-ae73-6ec861e4028b-attachment.txt", "type": "text/plain"}], "start": 1730806846269, "stop": 1730806854920, "uuid": "ec05cb87-90b0-4180-80df-009a1db420f3", "historyId": "5213c626c8c7512cc62d4253d3932443", "testCaseId": "5213c626c8c7512cc62d4253d3932443", "fullName": "tests.tests_Case.Banking_Project.pom.test_banking_pom.TestLogin#test_banking_positive", "labels": [{"name": "epic", "value": "Banking Login Test"}, {"name": "feature", "value": "TC#1 - Banking Positive Test"}, {"name": "tag", "value": "@pytest.mark.usefixtures('setup')"}, {"name": "parentSuite", "value": "tests.tests_Case.Banking_Project.pom"}, {"name": "suite", "value": "test_banking_pom"}, {"name": "subSuite", "value": "TestLogin"}, {"name": "host", "value": "DESKTOP-NPC46QP"}, {"name": "thread", "value": "21572-MainThread"}, {"name": "framework", "value": "pytest"}, {"name": "language", "value": "cpython3"}, {"name": "package", "value": "tests.tests_Case.Banking_Project.pom.test_banking_pom"}]}