{"name": "test_banking_positive", "status": "broken", "statusDetails": {"message": "selenium.common.exceptions.InvalidSelectorException: Message: invalid selector\nfrom javascript error: {\"status\":32,\"value\":\"Unable to locate an element with the xpath expression  //a[normalize-space()='New Customer']'] because of the following error:\\nSyntaxError: Failed to execute 'evaluate' on 'Document': The string ' //a[normalize-space()='New Customer']']' is not a valid XPath expression.\"}\n  (Session info: chrome=130.0.6723.92); For documentation on this error, please visit: https://www.selenium.dev/documentation/webdriver/troubleshooting/errors#invalid-selector-exception\nStacktrace:\n\tGetHandleVerifier [0x00007FF67B613AF5+28005]\n\t(No symbol) [0x00007FF67B5783F0]\n\t(No symbol) [0x00007FF67B41580A]\n\t(No symbol) [0x00007FF67B41C2CC]\n\t(No symbol) [0x00007FF67B41E5E7]\n\t(No symbol) [0x00007FF67B41E6A0]\n\t(No symbol) [0x00007FF67B4654EA]\n\t(No symbol) [0x00007FF67B465D2C]\n\t(No symbol) [0x00007FF67B4AEA97]\n\t(No symbol) [0x00007FF67B48BA7F]\n\t(No symbol) [0x00007FF67B4AB8B3]\n\t(No symbol) [0x00007FF67B48B7E3]\n\t(No symbol) [0x00007FF67B4575C8]\n\t(No symbol) [0x00007FF67B458731]\n\tGetHandleVerifier [0x00007FF67B90646D+3118813]\n\tGetHandleVerifier [0x00007FF67B956CC0+3448624]\n\tGetHandleVerifier [0x00007FF67B94CF3D+3408301]\n\tGetHandleVerifier [0x00007FF67B6DA44B+841403]\n\t(No symbol) [0x00007FF67B58344F]\n\t(No symbol) [0x00007FF67B57F4C4]\n\t(No symbol) [0x00007FF67B57F65D]\n\t(No symbol) [0x00007FF67B56EBB9]\n\tBaseThreadInitThunk [0x00007FFC817C7374+20]\n\tRtlUserThreadStart [0x00007FFC8281CC91+33]", "trace": "self = <tests.tests_Case.Banking_Project.pom.test_banking_pom.TestLogin object at 0x00000207033769F0>\nsetup = <selenium.webdriver.chrome.webdriver.WebDriver (session=\"0e03c9c5e0622a2b48969b8b04e2654e\")>\n\n    @allure.epic(\"Banking Login Test\")\n    @allure.feature(\"TC#1 - Banking Positive Test\")\n    @pytest.mark.usefixtures(\"setup\")\n    def test_banking_positive(self,setup):\n        driver = setup\n        LoginPage = loginPage(driver)\n        LoginPage.login_to_banking(user=self.username, pwd=self.password)\n        time.sleep(2)\n        # Verify\n        #assert \"Welcome To Manager's Page of GTPL Bank\"\n        DashBoard=DashBoardPage(driver)\n        homepage=DashBoard.get_homepage_text()\n        assert homepage == \"Welcome To Manager's Page of Guru99 Bank\"\n        print(\"Login successful, user is on the Manager's Dashboard.\")\n        time.sleep(2)\n    \n        Dashboard_Page=DashBoardPage(driver)\n>       Dashboard_Page.new_customer_click()\n\ntest_banking_pom.py:39: \n_ _ _ _ _ _ _ _ _ _ _ _ _ _ _ _ _ _ _ _ _ _ _ _ _ _ _ _ _ _ _ _ _ _ _ _ _ _ _ _\n..\\..\\..\\pageObjects\\dashboardPage.py:24: in new_customer_click\n    self.driver.find_element(*DashBoardPage.new_customer).click()\n..\\..\\..\\..\\venv\\Lib\\site-packages\\selenium\\webdriver\\remote\\webdriver.py:748: in find_element\n    return self.execute(Command.FIND_ELEMENT, {\"using\": by, \"value\": value})[\"value\"]\n..\\..\\..\\..\\venv\\Lib\\site-packages\\selenium\\webdriver\\remote\\webdriver.py:354: in execute\n    self.error_handler.check_response(response)\n_ _ _ _ _ _ _ _ _ _ _ _ _ _ _ _ _ _ _ _ _ _ _ _ _ _ _ _ _ _ _ _ _ _ _ _ _ _ _ _\n\nself = <selenium.webdriver.remote.errorhandler.ErrorHandler object at 0x00000207033F2330>\nresponse = {'status': 400, 'value': '{\"value\":{\"error\":\"invalid selector\",\"message\":\"invalid selector\\\\nfrom javascript error: {\\...07FF67B56EBB9]\\\\n\\\\tBaseThreadInitThunk [0x00007FFC817C7374+20]\\\\n\\\\tRtlUserThreadStart [0x00007FFC8281CC91+33]\\\\n\"}}'}\n\n    def check_response(self, response: Dict[str, Any]) -> None:\n        \"\"\"Checks that a JSON response from the WebDriver does not have an\n        error.\n    \n        :Args:\n         - response - The JSON response from the WebDriver server as a dictionary\n           object.\n    \n        :Raises: If the response contains an error message.\n        \"\"\"\n        status = response.get(\"status\", None)\n        if not status or status == ErrorCode.SUCCESS:\n            return\n        value = None\n        message = response.get(\"message\", \"\")\n        screen: str = response.get(\"screen\", \"\")\n        stacktrace = None\n        if isinstance(status, int):\n            value_json = response.get(\"value\", None)\n            if value_json and isinstance(value_json, str):\n                import json\n    \n                try:\n                    value = json.loads(value_json)\n                    if len(value) == 1:\n                        value = value[\"value\"]\n                    status = value.get(\"error\", None)\n                    if not status:\n                        status = value.get(\"status\", ErrorCode.UNKNOWN_ERROR)\n                        message = value.get(\"value\") or value.get(\"message\")\n                        if not isinstance(message, str):\n                            value = message\n                            message = message.get(\"message\")\n                    else:\n                        message = value.get(\"message\", None)\n                except ValueError:\n                    pass\n    \n        exception_class: Type[WebDriverException]\n        e = ErrorCode()\n        error_codes = [item for item in dir(e) if not item.startswith(\"__\")]\n        for error_code in error_codes:\n            error_info = getattr(ErrorCode, error_code)\n            if isinstance(error_info, list) and status in error_info:\n                exception_class = getattr(ExceptionMapping, error_code, WebDriverException)\n                break\n        else:\n            exception_class = WebDriverException\n    \n        if not value:\n            value = response[\"value\"]\n        if isinstance(value, str):\n            raise exception_class(value)\n        if message == \"\" and \"message\" in value:\n            message = value[\"message\"]\n    \n        screen = None  # type: ignore[assignment]\n        if \"screen\" in value:\n            screen = value[\"screen\"]\n    \n        stacktrace = None\n        st_value = value.get(\"stackTrace\") or value.get(\"stacktrace\")\n        if st_value:\n            if isinstance(st_value, str):\n                stacktrace = st_value.split(\"\\n\")\n            else:\n                stacktrace = []\n                try:\n                    for frame in st_value:\n                        line = frame.get(\"lineNumber\", \"\")\n                        file = frame.get(\"fileName\", \"<anonymous>\")\n                        if line:\n                            file = f\"{file}:{line}\"\n                        meth = frame.get(\"methodName\", \"<anonymous>\")\n                        if \"className\" in frame:\n                            meth = f\"{frame['className']}.{meth}\"\n                        msg = \"    at %s (%s)\"\n                        msg = msg % (meth, file)\n                        stacktrace.append(msg)\n                except TypeError:\n                    pass\n        if exception_class == UnexpectedAlertPresentException:\n            alert_text = None\n            if \"data\" in value:\n                alert_text = value[\"data\"].get(\"text\")\n            elif \"alert\" in value:\n                alert_text = value[\"alert\"].get(\"text\")\n            raise exception_class(message, screen, stacktrace, alert_text)  # type: ignore[call-arg]  # mypy is not smart enough here\n>       raise exception_class(message, screen, stacktrace)\nE       selenium.common.exceptions.InvalidSelectorException: Message: invalid selector\nE       from javascript error: {\"status\":32,\"value\":\"Unable to locate an element with the xpath expression  //a[normalize-space()='New Customer']'] because of the following error:\\nSyntaxError: Failed to execute 'evaluate' on 'Document': The string ' //a[normalize-space()='New Customer']']' is not a valid XPath expression.\"}\nE         (Session info: chrome=130.0.6723.92); For documentation on this error, please visit: https://www.selenium.dev/documentation/webdriver/troubleshooting/errors#invalid-selector-exception\nE       Stacktrace:\nE       \tGetHandleVerifier [0x00007FF67B613AF5+28005]\nE       \t(No symbol) [0x00007FF67B5783F0]\nE       \t(No symbol) [0x00007FF67B41580A]\nE       \t(No symbol) [0x00007FF67B41C2CC]\nE       \t(No symbol) [0x00007FF67B41E5E7]\nE       \t(No symbol) [0x00007FF67B41E6A0]\nE       \t(No symbol) [0x00007FF67B4654EA]\nE       \t(No symbol) [0x00007FF67B465D2C]\nE       \t(No symbol) [0x00007FF67B4AEA97]\nE       \t(No symbol) [0x00007FF67B48BA7F]\nE       \t(No symbol) [0x00007FF67B4AB8B3]\nE       \t(No symbol) [0x00007FF67B48B7E3]\nE       \t(No symbol) [0x00007FF67B4575C8]\nE       \t(No symbol) [0x00007FF67B458731]\nE       \tGetHandleVerifier [0x00007FF67B90646D+3118813]\nE       \tGetHandleVerifier [0x00007FF67B956CC0+3448624]\nE       \tGetHandleVerifier [0x00007FF67B94CF3D+3408301]\nE       \tGetHandleVerifier [0x00007FF67B6DA44B+841403]\nE       \t(No symbol) [0x00007FF67B58344F]\nE       \t(No symbol) [0x00007FF67B57F4C4]\nE       \t(No symbol) [0x00007FF67B57F65D]\nE       \t(No symbol) [0x00007FF67B56EBB9]\nE       \tBaseThreadInitThunk [0x00007FFC817C7374+20]\nE       \tRtlUserThreadStart [0x00007FFC8281CC91+33]\n\n..\\..\\..\\..\\venv\\Lib\\site-packages\\selenium\\webdriver\\remote\\errorhandler.py:229: InvalidSelectorException"}, "attachments": [{"name": "stdout", "source": "2dfdd99a-45c8-4fd6-a46c-fce2864e792c-attachment.txt", "type": "text/plain"}], "start": 1730809927828, "stop": 1730809936671, "uuid": "67013169-e10e-4479-b9b7-92920b56c607", "historyId": "5213c626c8c7512cc62d4253d3932443", "testCaseId": "5213c626c8c7512cc62d4253d3932443", "fullName": "tests.tests_Case.Banking_Project.pom.test_banking_pom.TestLogin#test_banking_positive", "labels": [{"name": "epic", "value": "Banking Login Test"}, {"name": "feature", "value": "TC#1 - Banking Positive Test"}, {"name": "tag", "value": "@pytest.mark.usefixtures('setup')"}, {"name": "parentSuite", "value": "tests.tests_Case.Banking_Project.pom"}, {"name": "suite", "value": "test_banking_pom"}, {"name": "subSuite", "value": "TestLogin"}, {"name": "host", "value": "DESKTOP-NPC46QP"}, {"name": "thread", "value": "15024-MainThread"}, {"name": "framework", "value": "pytest"}, {"name": "language", "value": "cpython3"}, {"name": "package", "value": "tests.tests_Case.Banking_Project.pom.test_banking_pom"}]}